<?xml version="1.0" encoding="UTF-8"?>
<!-- Generated by org.testng.reporters.JUnitXMLReporter -->
<testsuite hostname="rnr_08" ignored="0" name="Emaktab" tests="3" failures="0" timestamp="09 Feb 2018 09:12:44 GMT" time="16.045" errors="0">
  <testcase name="LoginEmaktabTest" time="0.0" classname="com.name.test.EmaktabLoginTest">
    <skipped/>
  </testcase> <!-- LoginEmaktabTest -->
  <testcase name="LoginEmaktabTest" time="0.0" classname="com.name.test.AddDesignationTest">
    <skipped/>
  </testcase> <!-- LoginEmaktabTest -->
  <testcase name="AddDesgination" time="0.0" classname="com.name.test.AddDesignationTest">
    <skipped/>
  </testcase> <!-- AddDesgination -->
</testsuite> <!-- Emaktab -->
