<?xml version="1.0" encoding="UTF-8"?>
<!-- Generated by org.testng.reporters.JUnitXMLReporter -->
<testsuite hostname="rnr_08" ignored="0" name="Emaktab Login" tests="2" failures="0" timestamp="22 Jan 2018 11:06:51 GMT" time="34.182" errors="0">
  <testcase name="LoginEmaktabTest" time="16.139" classname="com.name.test.AddDesignationTest"/>
  <testcase name="AddDesgination" time="0.0" classname="com.name.test.AddDesignationTest">
    <skipped/>
  </testcase> <!-- AddDesgination -->
</testsuite> <!-- Emaktab Login -->
